<?xml version="1.0" encoding="UTF-8"?>
<!-- Generated by org.testng.reporters.JUnitReportReporter -->
<testsuite skipped="0" hostname="Admin" name="com.qa.testcase.DataDrivenTest" tests="5" failures="0" timestamp="20 Jul 2018 12:20:56 GMT" time="219.125" errors="0">
  <testcase name="testData" time="6.706" classname="com.qa.testcase.DataDrivenTest"/>
  <testcase name="testData" time="86.022" classname="com.qa.testcase.DataDrivenTest"/>
  <testcase name="testData" time="44.208" classname="com.qa.testcase.DataDrivenTest"/>
  <testcase name="testData" time="64.308" classname="com.qa.testcase.DataDrivenTest"/>
  <testcase name="testData" time="17.881" classname="com.qa.testcase.DataDrivenTest"/>
</testsuite> <!-- com.qa.testcase.DataDrivenTest -->
