<?xml version="1.0" encoding="UTF-8"?>
<!-- Generated by org.testng.reporters.JUnitReportReporter -->
<testsuite skipped="0" hostname="Admin" name="com.qa.testcases.ScreenShotFullPage" tests="1" failures="0" timestamp="14 Aug 2018 01:46:58 GMT" time="46.326" errors="0">
  <testcase name="test" time="46.326" classname="com.qa.testcases.ScreenShotFullPage"/>
</testsuite> <!-- com.qa.testcases.ScreenShotFullPage -->
