<?xml version="1.0" encoding="UTF-8"?>
<!-- Generated by org.testng.reporters.JUnitReportReporter -->
<testsuite skipped="0" hostname="Admin" name="com.qa.testcase.LoginPageTest" tests="1" failures="0" timestamp="12 Jul 2018 07:41:36 GMT" time="11.007" errors="0">
  <testcase name="checkLinkNextTest" time="11.007" classname="com.qa.testcase.LoginPageTest"/>
</testsuite> <!-- com.qa.testcase.LoginPageTest -->
