<?xml version="1.0" encoding="UTF-8"?>
<!-- Generated by org.testng.reporters.JUnitReportReporter -->
<testsuite skipped="0" hostname="Admin" name="com.qa.testcase.HomePageTest" tests="3" failures="0" timestamp="12 Jul 2018 07:03:44 GMT" time="18.099" errors="0">
  <testcase name="pageTitleTest" time="6.382" classname="com.qa.testcase.HomePageTest"/>
  <testcase name="buttonLonginTest" time="5.519" classname="com.qa.testcase.HomePageTest"/>
  <testcase name="lonin" time="6.198" classname="com.qa.testcase.HomePageTest"/>
</testsuite> <!-- com.qa.testcase.HomePageTest -->
